#
# There is insufficient memory for the Java Runtime Environment to continue.
# Native memory allocation (mmap) failed to map 125829120 bytes for Failed to commit area from 0x0000000089400000 to 0x0000000090c00000 of length 125829120.
# Possible reasons:
#   The system is out of physical RAM or swap space
#   The process is running with CompressedOops enabled, and the Java Heap may be blocking the growth of the native heap
# Possible solutions:
#   Reduce memory load on the system
#   Increase physical memory or swap space
#   Check if swap backing store is full
#   Decrease Java heap size (-Xmx/-Xms)
#   Decrease number of Java threads
#   Decrease Java thread stack sizes (-Xss)
#   Set larger code cache with -XX:ReservedCodeCacheSize=
# This output file may be truncated or incomplete.
#
#  Out of Memory Error (./src/hotspot/os/windows/os_windows.cpp:3387), pid=30504, tid=31660
#
# JRE version:  (11.0.14.1+1) (build )
# Java VM: OpenJDK 64-Bit Server VM (11.0.14.1+1, mixed mode, sharing, tiered, compressed oops, g1 gc, windows-amd64)
# No core dump will be written. Minidumps are not enabled by default on client versions of Windows
#

---------------  S U M M A R Y ------------

Command Line: -Dfile.encoding=UTF-8 -Dcom.android.sdklib.toolsdir=C:\Program Files\Unity\Hub\Editor\2022.3.8f1\Editor\Data\PlaybackEngines\AndroidPlayer\SDK\cmdline-tools\6.0\bin\\.. com.android.sdklib.tool.sdkmanager.SdkManagerCli --list

Host: AMD Ryzen 5 4600H with Radeon Graphics         , 12 cores, 7G,  Windows 11 , 64 bit Build 22621 (10.0.22621.3958)
Time: Mon Oct 21 13:35:44 2024 Romance Summer Time elapsed time: 0.018347 seconds (0d 0h 0m 0s)

---------------  T H R E A D  ---------------

Current thread (0x00000172cd441800):  JavaThread "Unknown thread" [_thread_in_vm, id=31660, stack(0x0000003a84500000,0x0000003a84600000)]

Stack: [0x0000003a84500000,0x0000003a84600000]
Native frames: (J=compiled Java code, j=interpreted, Vv=VM code, C=native code)
V  [jvm.dll+0x61e59a]
V  [jvm.dll+0x7aaca9]
V  [jvm.dll+0x7ac398]
V  [jvm.dll+0x7aca73]
V  [jvm.dll+0x24f9b8]
V  [jvm.dll+0x61b83a]
V  [jvm.dll+0x6100c5]
V  [jvm.dll+0x30772c]
V  [jvm.dll+0x3075b2]
V  [jvm.dll+0x30c2d6]
V  [jvm.dll+0x35272f]
V  [jvm.dll+0x352160]
V  [jvm.dll+0x2e4728]
V  [jvm.dll+0x2e5886]
V  [jvm.dll+0x784b07]
V  [jvm.dll+0x78628f]
V  [jvm.dll+0x35f479]
V  [jvm.dll+0x767aa0]
V  [jvm.dll+0x3ccf1f]
V  [jvm.dll+0x3cf2b1]
C  [jli.dll+0x5207]
C  [ucrtbase.dll+0x29333]
C  [KERNEL32.DLL+0x1257d]
C  [ntdll.dll+0x5af28]


---------------  P R O C E S S  ---------------

Threads class SMR info:
_java_thread_list=0x00000172cb257980, length=0, elements={
}

Java Threads: ( => current thread )

Other Threads:
  0x00000172cd45c800 GCTaskThread "GC Thread#0" [stack: 0x0000003a84600000,0x0000003a84700000] [id=21868]
  0x00000172cd48d800 ConcurrentGCThread "G1 Main Marker" [stack: 0x0000003a84700000,0x0000003a84800000] [id=14808]
  0x00000172cd490800 ConcurrentGCThread "G1 Conc#0" [stack: 0x0000003a84800000,0x0000003a84900000] [id=31036]

[error occurred during error reporting (printing all threads), id 0xc0000005, EXCEPTION_ACCESS_VIOLATION (0xc0000005) at pc=0x00007ffc0ab53ef7]

VM state:not at safepoint (not fully initialized)

VM Mutex/Monitor currently owned by a thread:  ([mutex/lock_event])
[0x00000172cd43cae0] Heap_lock - owner thread: 0x00000172cd441800

Heap address: 0x0000000089400000, size: 1900 MB, Compressed Oops mode: Non-zero based: 0x0000000089400000
Narrow klass base: 0x0000000000000000, Narrow klass shift: 0

GC Heap History (0 events):
No events

Deoptimization events (0 events):
No events

Classes redefined (0 events):
No events

Internal exceptions (0 events):
No events

Events (1 events):
Event: 0.013 Loaded shared library C:\Program Files\Unity\Hub\Editor\2022.3.8f1\Editor\Data\PlaybackEngines\AndroidPlayer\OpenJDK\bin\zip.dll


Dynamic libraries:
0x00007ff7dd610000 - 0x00007ff7dd61d000 	C:\Program Files\Unity\Hub\Editor\2022.3.8f1\Editor\Data\PlaybackEngines\AndroidPlayer\OpenJDK\bin\java.exe
0x00007ffd4ec70000 - 0x00007ffd4ee87000 	C:\WINDOWS\SYSTEM32\ntdll.dll
0x00007ffd4dd00000 - 0x00007ffd4ddc4000 	C:\WINDOWS\System32\KERNEL32.DLL
0x00007ffd4c570000 - 0x00007ffd4c91d000 	C:\WINDOWS\System32\KERNELBASE.dll
0x00007ffd4c380000 - 0x00007ffd4c491000 	C:\WINDOWS\System32\ucrtbase.dll
0x00007ffd40e30000 - 0x00007ffd40e45000 	C:\Program Files\Unity\Hub\Editor\2022.3.8f1\Editor\Data\PlaybackEngines\AndroidPlayer\OpenJDK\bin\VCRUNTIME140.dll
0x00007ffd40e10000 - 0x00007ffd40e27000 	C:\Program Files\Unity\Hub\Editor\2022.3.8f1\Editor\Data\PlaybackEngines\AndroidPlayer\OpenJDK\bin\jli.dll
0x00007ffd4c9b0000 - 0x00007ffd4cb5e000 	C:\WINDOWS\System32\USER32.dll
0x00007ffd4c290000 - 0x00007ffd4c2b6000 	C:\WINDOWS\System32\win32u.dll
0x00007ffd3ca10000 - 0x00007ffd3cca3000 	C:\WINDOWS\WinSxS\amd64_microsoft.windows.common-controls_6595b64144ccf1df_6.0.22621.3672_none_2713b9d173822955\COMCTL32.dll
0x00007ffd4e140000 - 0x00007ffd4e169000 	C:\WINDOWS\System32\GDI32.dll
0x00007ffd4e080000 - 0x00007ffd4e127000 	C:\WINDOWS\System32\msvcrt.dll
0x00007ffd4c100000 - 0x00007ffd4c219000 	C:\WINDOWS\System32\gdi32full.dll
0x00007ffd4c4d0000 - 0x00007ffd4c56a000 	C:\WINDOWS\System32\msvcp_win.dll
0x00007ffd4dfe0000 - 0x00007ffd4e011000 	C:\WINDOWS\System32\IMM32.DLL
0x00007ffd40d70000 - 0x00007ffd40e0b000 	C:\Program Files\Unity\Hub\Editor\2022.3.8f1\Editor\Data\PlaybackEngines\AndroidPlayer\OpenJDK\bin\msvcp140.dll
0x00007ffc0a860000 - 0x00007ffc0b3e1000 	C:\Program Files\Unity\Hub\Editor\2022.3.8f1\Editor\Data\PlaybackEngines\AndroidPlayer\OpenJDK\bin\server\jvm.dll
0x00007ffd4cbd0000 - 0x00007ffd4cc82000 	C:\WINDOWS\System32\ADVAPI32.dll
0x00007ffd4cc90000 - 0x00007ffd4cd39000 	C:\WINDOWS\System32\sechost.dll
0x00007ffd4c4a0000 - 0x00007ffd4c4c8000 	C:\WINDOWS\System32\bcrypt.dll
0x00007ffd4cd40000 - 0x00007ffd4ce54000 	C:\WINDOWS\System32\RPCRT4.dll
0x00007ffd4d510000 - 0x00007ffd4d518000 	C:\WINDOWS\System32\PSAPI.DLL
0x00007ffd43f70000 - 0x00007ffd43f7a000 	C:\WINDOWS\SYSTEM32\VERSION.dll
0x00007ffd20740000 - 0x00007ffd20749000 	C:\WINDOWS\SYSTEM32\WSOCK32.dll
0x00007ffd46860000 - 0x00007ffd46894000 	C:\WINDOWS\SYSTEM32\WINMM.dll
0x00007ffd4d490000 - 0x00007ffd4d501000 	C:\WINDOWS\System32\WS2_32.dll
0x00007ffd4b0d0000 - 0x00007ffd4b0e8000 	C:\WINDOWS\SYSTEM32\kernel.appcore.dll
0x00007ffd40d60000 - 0x00007ffd40d70000 	C:\Program Files\Unity\Hub\Editor\2022.3.8f1\Editor\Data\PlaybackEngines\AndroidPlayer\OpenJDK\bin\verify.dll
0x00007ffd42b10000 - 0x00007ffd42d42000 	C:\WINDOWS\SYSTEM32\DBGHELP.DLL
0x00007ffd4d100000 - 0x00007ffd4d48e000 	C:\WINDOWS\System32\combase.dll
0x00007ffd4d9c0000 - 0x00007ffd4da97000 	C:\WINDOWS\System32\OLEAUT32.dll
0x00007ffd3d690000 - 0x00007ffd3d6c2000 	C:\WINDOWS\SYSTEM32\dbgcore.DLL
0x00007ffd4c920000 - 0x00007ffd4c99b000 	C:\WINDOWS\System32\bcryptPrimitives.dll
0x00007ffd40d30000 - 0x00007ffd40d58000 	C:\Program Files\Unity\Hub\Editor\2022.3.8f1\Editor\Data\PlaybackEngines\AndroidPlayer\OpenJDK\bin\java.dll
0x00007ffd40d20000 - 0x00007ffd40d2a000 	C:\Program Files\Unity\Hub\Editor\2022.3.8f1\Editor\Data\PlaybackEngines\AndroidPlayer\OpenJDK\bin\jimage.dll
0x00007ffd40d00000 - 0x00007ffd40d18000 	C:\Program Files\Unity\Hub\Editor\2022.3.8f1\Editor\Data\PlaybackEngines\AndroidPlayer\OpenJDK\bin\zip.dll

dbghelp: loaded successfully - version: 4.0.5 - missing functions: none
symbol engine: initialized successfully - sym options: 0x614 - pdb path: .;C:\Program Files\Unity\Hub\Editor\2022.3.8f1\Editor\Data\PlaybackEngines\AndroidPlayer\OpenJDK\bin;C:\WINDOWS\SYSTEM32;C:\WINDOWS\WinSxS\amd64_microsoft.windows.common-controls_6595b64144ccf1df_6.0.22621.3672_none_2713b9d173822955;C:\Program Files\Unity\Hub\Editor\2022.3.8f1\Editor\Data\PlaybackEngines\AndroidPlayer\OpenJDK\bin\server

VM Arguments:
jvm_args: -Dfile.encoding=UTF-8 -Dcom.android.sdklib.toolsdir=C:\Program Files\Unity\Hub\Editor\2022.3.8f1\Editor\Data\PlaybackEngines\AndroidPlayer\SDK\cmdline-tools\6.0\bin\\.. 
java_command: com.android.sdklib.tool.sdkmanager.SdkManagerCli --list
java_class_path (initial): C:\Program Files\Unity\Hub\Editor\2022.3.8f1\Editor\Data\PlaybackEngines\AndroidPlayer\SDK\cmdline-tools\6.0\bin\..\lib\sdkmanager-classpath.jar
Launcher Type: SUN_STANDARD

[Global flags]
     intx CICompilerCount                          = 4                                         {product} {ergonomic}
     uint ConcGCThreads                            = 3                                         {product} {ergonomic}
     uint G1ConcRefinementThreads                  = 10                                        {product} {ergonomic}
   size_t G1HeapRegionSize                         = 1048576                                   {product} {ergonomic}
    uintx GCDrainStackTargetSize                   = 64                                        {product} {ergonomic}
   size_t InitialHeapSize                          = 125829120                                 {product} {ergonomic}
   size_t MarkStackSize                            = 4194304                                   {product} {ergonomic}
   size_t MaxHeapSize                              = 1992294400                                {product} {ergonomic}
   size_t MinHeapDeltaBytes                        = 1048576                                   {product} {ergonomic}
    uintx NonNMethodCodeHeapSize                   = 5836300                                {pd product} {ergonomic}
    uintx NonProfiledCodeHeapSize                  = 122910970                              {pd product} {ergonomic}
    uintx ProfiledCodeHeapSize                     = 122910970                              {pd product} {ergonomic}
    uintx ReservedCodeCacheSize                    = 251658240                              {pd product} {ergonomic}
     bool SegmentedCodeCache                       = true                                      {product} {ergonomic}
     bool UseCompressedClassPointers               = true                                 {lp64_product} {ergonomic}
     bool UseCompressedOops                        = true                                 {lp64_product} {ergonomic}
     bool UseG1GC                                  = true                                      {product} {ergonomic}
     bool UseLargePagesIndividualAllocation        = false                                  {pd product} {ergonomic}

Logging:
Log output configuration:
 #0: stdout all=warning uptime,level,tags
 #1: stderr all=off uptime,level,tags

Environment Variables:
JAVA_HOME=C:\Program Files\Unity\Hub\Editor\2022.3.8f1\Editor\Data\PlaybackEngines\AndroidPlayer\OpenJDK
JAVA_TOOL_OPTIONS=-Dfile.encoding=UTF-8
CLASSPATH=C:\Program Files\Unity\Hub\Editor\2022.3.8f1\Editor\Data\PlaybackEngines\AndroidPlayer\SDK\cmdline-tools\6.0\bin\..\lib\sdkmanager-classpath.jar
PATH=C:\Program Files\Oculus\Support\oculus-runtime;C:\Windows\system32;C:\Windows;C:\Windows\System32\Wbem;C:\Windows\System32\WindowsPowerShell\v1.0\;C:\Windows\System32\OpenSSH\;C:\Program Files (x86)\NVIDIA Corporation\PhysX\Common;C:\Program Files\NVIDIA Corporation\NVIDIA NvDLISR;C:\WINDOWS\system32;C:\WINDOWS;C:\WINDOWS\System32\Wbem;C:\WINDOWS\System32\WindowsPowerShell\v1.0\;C:\WINDOWS\System32\OpenSSH\;C:\Program Files\Microsoft SQL Server\150\Tools\Binn\;C:\Program Files\dotnet\;C:\Users\1dema\AppData\Local\Microsoft\WindowsApps;C:\Users\1dema\AppData\Local\GitHubDesktop\bin;C:\Users\1dema\.dotnet\tools
USERNAME=1dema
OS=Windows_NT
PROCESSOR_IDENTIFIER=AMD64 Family 23 Model 96 Stepping 1, AuthenticAMD



---------------  S Y S T E M  ---------------

OS: Windows 11 , 64 bit Build 22621 (10.0.22621.3958)
OS uptime: 0 days 4:55 hours

CPU:total 12 (initial active 12) (12 cores per cpu, 2 threads per core) family 23 model 96 stepping 1 microcode 0x0, cmov, cx8, fxsr, mmx, sse, sse2, sse3, ssse3, sse4.1, sse4.2, popcnt, avx, avx2, aes, clmul, mmxext, 3dnowpref, lzcnt, sse4a, ht, tsc, tscinvbit, tscinv, bmi1, bmi2, adx, sha, fma

Memory: 4k page, system-wide physical 7597M (213M free)
TotalPageFile size 31149M (AvailPageFile size 67M)
current process WorkingSet (physical memory assigned to process): 10M, peak: 10M
current process commit charge ("private bytes"): 64M, peak: 184M

vm_info: OpenJDK 64-Bit Server VM (11.0.14.1+1) for windows-amd64 JRE (11.0.14.1+1), built on Feb  9 2022 01:48:27 by "" with unknown MS VC++:1916

END.
